<?xml version="1.0" encoding="UTF-8"?>
<testng-results skipped="0" failed="0" ignored="0" total="1" passed="1">
  <reporter-output>
  </reporter-output>
  <suite name="Default suite" duration-ms="361" started-at="2019-12-12T23:32:23Z" finished-at="2019-12-12T23:32:23Z">
    <groups>
    </groups>
    <test name="Default test" duration-ms="361" started-at="2019-12-12T23:32:23Z" finished-at="2019-12-12T23:32:23Z">
      <class name="Qsp_Learn_testng.First_TestNg_Prog">
        <test-method status="PASS" signature="beforeSuite()[pri:0, instance:Qsp_Learn_testng.First_TestNg_Prog@3a82f6ef]" name="beforeSuite" is-config="true" duration-ms="68" started-at="2019-12-13T05:02:23Z" finished-at="2019-12-13T05:02:23Z">
          <reporter-output>
          </reporter-output>
        </test-method> <!-- beforeSuite -->
        <test-method status="PASS" signature="beforeTest()[pri:0, instance:Qsp_Learn_testng.First_TestNg_Prog@3a82f6ef]" name="beforeTest" is-config="true" duration-ms="1" started-at="2019-12-13T05:02:23Z" finished-at="2019-12-13T05:02:23Z">
          <reporter-output>
          </reporter-output>
        </test-method> <!-- beforeTest -->
        <test-method status="PASS" signature="beforeClass()[pri:0, instance:Qsp_Learn_testng.First_TestNg_Prog@3a82f6ef]" name="beforeClass" is-config="true" duration-ms="0" started-at="2019-12-13T05:02:23Z" finished-at="2019-12-13T05:02:23Z">
          <reporter-output>
          </reporter-output>
        </test-method> <!-- beforeClass -->
        <test-method status="PASS" signature="beforeMethod()[pri:0, instance:Qsp_Learn_testng.First_TestNg_Prog@3a82f6ef]" name="beforeMethod" is-config="true" duration-ms="1" started-at="2019-12-13T05:02:23Z" finished-at="2019-12-13T05:02:23Z">
          <reporter-output>
          </reporter-output>
        </test-method> <!-- beforeMethod -->
        <test-method status="PASS" signature="f()[pri:0, instance:Qsp_Learn_testng.First_TestNg_Prog@3a82f6ef]" name="f" duration-ms="108" started-at="2019-12-13T05:02:23Z" finished-at="2019-12-13T05:02:23Z">
          <reporter-output>
          </reporter-output>
        </test-method> <!-- f -->
        <test-method status="PASS" signature="afterMethod()[pri:0, instance:Qsp_Learn_testng.First_TestNg_Prog@3a82f6ef]" name="afterMethod" is-config="true" duration-ms="8" started-at="2019-12-13T05:02:23Z" finished-at="2019-12-13T05:02:23Z">
          <reporter-output>
          </reporter-output>
        </test-method> <!-- afterMethod -->
        <test-method status="PASS" signature="afterClass()[pri:0, instance:Qsp_Learn_testng.First_TestNg_Prog@3a82f6ef]" name="afterClass" is-config="true" duration-ms="0" started-at="2019-12-13T05:02:23Z" finished-at="2019-12-13T05:02:23Z">
          <reporter-output>
          </reporter-output>
        </test-method> <!-- afterClass -->
        <test-method status="PASS" signature="afterTest()[pri:0, instance:Qsp_Learn_testng.First_TestNg_Prog@3a82f6ef]" name="afterTest" is-config="true" duration-ms="0" started-at="2019-12-13T05:02:23Z" finished-at="2019-12-13T05:02:23Z">
          <reporter-output>
          </reporter-output>
        </test-method> <!-- afterTest -->
        <test-method status="PASS" signature="afterSuite()[pri:0, instance:Qsp_Learn_testng.First_TestNg_Prog@3a82f6ef]" name="afterSuite" is-config="true" duration-ms="2" started-at="2019-12-13T05:02:24Z" finished-at="2019-12-13T05:02:24Z">
          <reporter-output>
          </reporter-output>
        </test-method> <!-- afterSuite -->
      </class> <!-- Qsp_Learn_testng.First_TestNg_Prog -->
    </test> <!-- Default test -->
  </suite> <!-- Default suite -->
</testng-results>
